
*** Running vivado
    with args -log top.vds -m64 -product Vivado -mode batch -messageDb vivado.pb -notrace -source top.tcl


****** Vivado v2018.3 (64-bit)
  **** SW Build 2405991 on Thu Dec  6 23:38:27 MST 2018
  **** IP Build 2404404 on Fri Dec  7 01:43:56 MST 2018
    ** Copyright 1986-2018 Xilinx, Inc. All Rights Reserved.

source top.tcl -notrace
Command: synth_design -top top -part xc7a200tfbg676-1
Starting synth_design
Attempting to get a license for feature 'Synthesis' and/or device 'xc7a200t'
INFO: [Common 17-349] Got license for feature 'Synthesis' and/or device 'xc7a200t'
INFO: Launching helper process for spawning children vivado processes
INFO: Helper process launched with PID 60280 
---------------------------------------------------------------------------------
Starting RTL Elaboration : Time (s): cpu = 00:00:00 ; elapsed = 00:00:01 . Memory (MB): peak = 340.340 ; gain = 80.781
---------------------------------------------------------------------------------
INFO: [Synth 8-6157] synthesizing module 'top' [C:/Users/26041/Desktop/Math Logic/Projects/project_4/project_4.srcs/sources_1/new/top.v:1]
INFO: [Synth 8-6157] synthesizing module 'adder8_sync' [C:/Users/26041/Desktop/Math Logic/Projects/project_4/project_4.srcs/sources_1/new/adder8_sync.v:1]
INFO: [Synth 8-6157] synthesizing module 'sync_adder4' [C:/Users/26041/Desktop/Math Logic/Projects/project_4/project_4.srcs/sources_1/new/sync_adder4.v:1]
INFO: [Synth 8-6155] done synthesizing module 'sync_adder4' (1#1) [C:/Users/26041/Desktop/Math Logic/Projects/project_4/project_4.srcs/sources_1/new/sync_adder4.v:1]
INFO: [Synth 8-6155] done synthesizing module 'adder8_sync' (2#1) [C:/Users/26041/Desktop/Math Logic/Projects/project_4/project_4.srcs/sources_1/new/adder8_sync.v:1]
INFO: [Synth 8-6157] synthesizing module 'binary2bcd' [C:/Users/26041/Desktop/Math Logic/Projects/project_4/project_4.srcs/sources_1/imports/new/binary2bcd.v:1]
WARNING: [Synth 8-3936] Found unconnected internal register 'bcd_reg' and it is trimmed from '12' to '8' bits. [C:/Users/26041/Desktop/Math Logic/Projects/project_4/project_4.srcs/sources_1/imports/new/binary2bcd.v:10]
INFO: [Synth 8-6155] done synthesizing module 'binary2bcd' (3#1) [C:/Users/26041/Desktop/Math Logic/Projects/project_4/project_4.srcs/sources_1/imports/new/binary2bcd.v:1]
INFO: [Synth 8-6157] synthesizing module 'dpy' [C:/Users/26041/Desktop/Math Logic/Projects/project_4/project_4.srcs/sources_1/imports/new/dpy.v:1]
INFO: [Synth 8-6155] done synthesizing module 'dpy' (4#1) [C:/Users/26041/Desktop/Math Logic/Projects/project_4/project_4.srcs/sources_1/imports/new/dpy.v:1]
INFO: [Synth 8-6155] done synthesizing module 'top' (5#1) [C:/Users/26041/Desktop/Math Logic/Projects/project_4/project_4.srcs/sources_1/new/top.v:1]
---------------------------------------------------------------------------------
Finished RTL Elaboration : Time (s): cpu = 00:00:00 ; elapsed = 00:00:02 . Memory (MB): peak = 396.016 ; gain = 136.457
---------------------------------------------------------------------------------

Report Check Netlist: 
+------+------------------+-------+---------+-------+------------------+
|      |Item              |Errors |Warnings |Status |Description       |
+------+------------------+-------+---------+-------+------------------+
|1     |multi_driven_nets |      0|        0|Passed |Multi driven nets |
+------+------------------+-------+---------+-------+------------------+
---------------------------------------------------------------------------------
Start Handling Custom Attributes
---------------------------------------------------------------------------------
---------------------------------------------------------------------------------
Finished Handling Custom Attributes : Time (s): cpu = 00:00:00 ; elapsed = 00:00:02 . Memory (MB): peak = 396.016 ; gain = 136.457
---------------------------------------------------------------------------------
---------------------------------------------------------------------------------
Finished RTL Optimization Phase 1 : Time (s): cpu = 00:00:00 ; elapsed = 00:00:02 . Memory (MB): peak = 396.016 ; gain = 136.457
---------------------------------------------------------------------------------
INFO: [Device 21-403] Loading part xc7a200tfbg676-1
INFO: [Project 1-570] Preparing netlist for logic optimization

Processing XDC Constraints
Initializing timing engine
Parsing XDC File [C:/Users/26041/Desktop/Math Logic/Projects/project_4/project_4.srcs/constrs_1/new/remote.xdc]
WARNING: [Vivado 12-584] No ports matched 'dp_ones'. [C:/Users/26041/Desktop/Math Logic/Projects/project_4/project_4.srcs/constrs_1/new/remote.xdc:36]
CRITICAL WARNING: [Common 17-55] 'set_property' expects at least one object. [C:/Users/26041/Desktop/Math Logic/Projects/project_4/project_4.srcs/constrs_1/new/remote.xdc:36]
Resolution: If [get_<value>] was used to populate the object, check to make sure this command returns at least one valid object.
WARNING: [Vivado 12-584] No ports matched 'dp_tens'. [C:/Users/26041/Desktop/Math Logic/Projects/project_4/project_4.srcs/constrs_1/new/remote.xdc:46]
CRITICAL WARNING: [Common 17-55] 'set_property' expects at least one object. [C:/Users/26041/Desktop/Math Logic/Projects/project_4/project_4.srcs/constrs_1/new/remote.xdc:46]
Resolution: If [get_<value>] was used to populate the object, check to make sure this command returns at least one valid object.
Finished Parsing XDC File [C:/Users/26041/Desktop/Math Logic/Projects/project_4/project_4.srcs/constrs_1/new/remote.xdc]
INFO: [Project 1-236] Implementation specific constraints were found while reading constraint file [C:/Users/26041/Desktop/Math Logic/Projects/project_4/project_4.srcs/constrs_1/new/remote.xdc]. These constraints will be ignored for synthesis but will be used in implementation. Impacted constraints are listed in the file [.Xil/top_propImpl.xdc].
Resolution: To avoid this warning, move constraints listed in [.Xil/top_propImpl.xdc] to another XDC file and exclude this new file from synthesis with the used_in_synthesis property (File Properties dialog in GUI) and re-run elaboration/synthesis.
Netlist sorting complete. Time (s): cpu = 00:00:00 ; elapsed = 00:00:00 . Memory (MB): peak = 776.566 ; gain = 0.000
Completed Processing XDC Constraints

Netlist sorting complete. Time (s): cpu = 00:00:00 ; elapsed = 00:00:00 . Memory (MB): peak = 776.566 ; gain = 0.000
INFO: [Project 1-111] Unisim Transformation Summary:
No Unisim elements were transformed.

Netlist sorting complete. Time (s): cpu = 00:00:00 ; elapsed = 00:00:00 . Memory (MB): peak = 776.566 ; gain = 0.000
Constraint Validation Runtime : Time (s): cpu = 00:00:00 ; elapsed = 00:00:00.001 . Memory (MB): peak = 776.566 ; gain = 0.000
---------------------------------------------------------------------------------
Finished Constraint Validation : Time (s): cpu = 00:00:02 ; elapsed = 00:00:07 . Memory (MB): peak = 776.566 ; gain = 517.008
---------------------------------------------------------------------------------
---------------------------------------------------------------------------------
Start Loading Part and Timing Information
---------------------------------------------------------------------------------
Loading part: xc7a200tfbg676-1
---------------------------------------------------------------------------------
Finished Loading Part and Timing Information : Time (s): cpu = 00:00:02 ; elapsed = 00:00:07 . Memory (MB): peak = 776.566 ; gain = 517.008
---------------------------------------------------------------------------------
---------------------------------------------------------------------------------
Start Applying 'set_property' XDC Constraints
---------------------------------------------------------------------------------
---------------------------------------------------------------------------------
Finished applying 'set_property' XDC Constraints : Time (s): cpu = 00:00:02 ; elapsed = 00:00:07 . Memory (MB): peak = 776.566 ; gain = 517.008
---------------------------------------------------------------------------------
---------------------------------------------------------------------------------
Finished RTL Optimization Phase 2 : Time (s): cpu = 00:00:02 ; elapsed = 00:00:07 . Memory (MB): peak = 776.566 ; gain = 517.008
---------------------------------------------------------------------------------

Report RTL Partitions: 
+-+--------------+------------+----------+
| |RTL Partition |Replication |Instances |
+-+--------------+------------+----------+
+-+--------------+------------+----------+
---------------------------------------------------------------------------------
Start RTL Component Statistics 
---------------------------------------------------------------------------------
Detailed RTL Component Info : 
+---Adders : 
	   2 Input      4 Bit       Adders := 11    
	   2 Input      3 Bit       Adders := 1     
+---XORs : 
	   3 Input      1 Bit         XORs := 8     
+---Muxes : 
	   2 Input      8 Bit        Muxes := 1     
	   2 Input      4 Bit        Muxes := 7     
---------------------------------------------------------------------------------
Finished RTL Component Statistics 
---------------------------------------------------------------------------------
---------------------------------------------------------------------------------
Start RTL Hierarchical Component Statistics 
---------------------------------------------------------------------------------
Hierarchical RTL Component report 
Module sync_adder4 
Detailed RTL Component Info : 
+---XORs : 
	   3 Input      1 Bit         XORs := 4     
Module adder8_sync 
Detailed RTL Component Info : 
+---Muxes : 
	   2 Input      8 Bit        Muxes := 1     
Module binary2bcd 
Detailed RTL Component Info : 
+---Adders : 
	   2 Input      4 Bit       Adders := 11    
	   2 Input      3 Bit       Adders := 1     
+---Muxes : 
	   2 Input      4 Bit        Muxes := 7     
---------------------------------------------------------------------------------
Finished RTL Hierarchical Component Statistics
---------------------------------------------------------------------------------
---------------------------------------------------------------------------------
Start Part Resource Summary
---------------------------------------------------------------------------------
Part Resources:
DSPs: 740 (col length:100)
BRAMs: 730 (col length: RAMB18 100 RAMB36 50)
---------------------------------------------------------------------------------
Finished Part Resource Summary
---------------------------------------------------------------------------------
---------------------------------------------------------------------------------
Start Cross Boundary and Area Optimization
---------------------------------------------------------------------------------
Warning: Parallel synthesis criteria is not met 
---------------------------------------------------------------------------------
Finished Cross Boundary and Area Optimization : Time (s): cpu = 00:00:03 ; elapsed = 00:00:08 . Memory (MB): peak = 776.566 ; gain = 517.008
---------------------------------------------------------------------------------

Report RTL Partitions: 
+-+--------------+------------+----------+
| |RTL Partition |Replication |Instances |
+-+--------------+------------+----------+
+-+--------------+------------+----------+
---------------------------------------------------------------------------------
Start Applying XDC Timing Constraints
---------------------------------------------------------------------------------
---------------------------------------------------------------------------------
Finished Applying XDC Timing Constraints : Time (s): cpu = 00:00:04 ; elapsed = 00:00:12 . Memory (MB): peak = 776.566 ; gain = 517.008
---------------------------------------------------------------------------------
---------------------------------------------------------------------------------
Start Timing Optimization
---------------------------------------------------------------------------------
---------------------------------------------------------------------------------
Finished Timing Optimization : Time (s): cpu = 00:00:04 ; elapsed = 00:00:12 . Memory (MB): peak = 776.566 ; gain = 517.008
---------------------------------------------------------------------------------

Report RTL Partitions: 
+-+--------------+------------+----------+
| |RTL Partition |Replication |Instances |
+-+--------------+------------+----------+
+-+--------------+------------+----------+
---------------------------------------------------------------------------------
Start Technology Mapping
---------------------------------------------------------------------------------
---------------------------------------------------------------------------------
Finished Technology Mapping : Time (s): cpu = 00:00:04 ; elapsed = 00:00:13 . Memory (MB): peak = 788.676 ; gain = 529.117
---------------------------------------------------------------------------------

Report RTL Partitions: 
+-+--------------+------------+----------+
| |RTL Partition |Replication |Instances |
+-+--------------+------------+----------+
+-+--------------+------------+----------+
---------------------------------------------------------------------------------
Start IO Insertion
---------------------------------------------------------------------------------
---------------------------------------------------------------------------------
Start Flattening Before IO Insertion
---------------------------------------------------------------------------------
---------------------------------------------------------------------------------
Finished Flattening Before IO Insertion
---------------------------------------------------------------------------------
---------------------------------------------------------------------------------
Start Final Netlist Cleanup
---------------------------------------------------------------------------------
---------------------------------------------------------------------------------
Finished Final Netlist Cleanup
---------------------------------------------------------------------------------
---------------------------------------------------------------------------------
Finished IO Insertion : Time (s): cpu = 00:00:04 ; elapsed = 00:00:13 . Memory (MB): peak = 788.676 ; gain = 529.117
---------------------------------------------------------------------------------

Report Check Netlist: 
+------+------------------+-------+---------+-------+------------------+
|      |Item              |Errors |Warnings |Status |Description       |
+------+------------------+-------+---------+-------+------------------+
|1     |multi_driven_nets |      0|        0|Passed |Multi driven nets |
+------+------------------+-------+---------+-------+------------------+
---------------------------------------------------------------------------------
Start Renaming Generated Instances
---------------------------------------------------------------------------------
---------------------------------------------------------------------------------
Finished Renaming Generated Instances : Time (s): cpu = 00:00:04 ; elapsed = 00:00:13 . Memory (MB): peak = 788.676 ; gain = 529.117
---------------------------------------------------------------------------------

Report RTL Partitions: 
+-+--------------+------------+----------+
| |RTL Partition |Replication |Instances |
+-+--------------+------------+----------+
+-+--------------+------------+----------+
---------------------------------------------------------------------------------
Start Rebuilding User Hierarchy
---------------------------------------------------------------------------------
---------------------------------------------------------------------------------
Finished Rebuilding User Hierarchy : Time (s): cpu = 00:00:04 ; elapsed = 00:00:13 . Memory (MB): peak = 788.676 ; gain = 529.117
---------------------------------------------------------------------------------
---------------------------------------------------------------------------------
Start Renaming Generated Ports
---------------------------------------------------------------------------------
---------------------------------------------------------------------------------
Finished Renaming Generated Ports : Time (s): cpu = 00:00:04 ; elapsed = 00:00:13 . Memory (MB): peak = 788.676 ; gain = 529.117
---------------------------------------------------------------------------------
---------------------------------------------------------------------------------
Start Handling Custom Attributes
---------------------------------------------------------------------------------
---------------------------------------------------------------------------------
Finished Handling Custom Attributes : Time (s): cpu = 00:00:04 ; elapsed = 00:00:13 . Memory (MB): peak = 788.676 ; gain = 529.117
---------------------------------------------------------------------------------
---------------------------------------------------------------------------------
Start Renaming Generated Nets
---------------------------------------------------------------------------------
---------------------------------------------------------------------------------
Finished Renaming Generated Nets : Time (s): cpu = 00:00:04 ; elapsed = 00:00:13 . Memory (MB): peak = 788.676 ; gain = 529.117
---------------------------------------------------------------------------------
---------------------------------------------------------------------------------
Start Writing Synthesis Report
---------------------------------------------------------------------------------

Report BlackBoxes: 
+-+--------------+----------+
| |BlackBox name |Instances |
+-+--------------+----------+
+-+--------------+----------+

Report Cell Usage: 
+------+-----+------+
|      |Cell |Count |
+------+-----+------+
|1     |LUT2 |     6|
|2     |LUT3 |     2|
|3     |LUT5 |    20|
|4     |LUT6 |    17|
|5     |IBUF |    18|
|6     |OBUF |    23|
+------+-----+------+

Report Instance Areas: 
+------+---------+-------+------+
|      |Instance |Module |Cells |
+------+---------+-------+------+
|1     |top      |       |    86|
+------+---------+-------+------+
---------------------------------------------------------------------------------
Finished Writing Synthesis Report : Time (s): cpu = 00:00:04 ; elapsed = 00:00:13 . Memory (MB): peak = 788.676 ; gain = 529.117
---------------------------------------------------------------------------------
Synthesis finished with 0 errors, 0 critical warnings and 0 warnings.
Synthesis Optimization Runtime : Time (s): cpu = 00:00:03 ; elapsed = 00:00:09 . Memory (MB): peak = 788.676 ; gain = 148.566
Synthesis Optimization Complete : Time (s): cpu = 00:00:04 ; elapsed = 00:00:13 . Memory (MB): peak = 788.676 ; gain = 529.117
INFO: [Project 1-571] Translating synthesized netlist
INFO: [Project 1-570] Preparing netlist for logic optimization
INFO: [Opt 31-138] Pushed 0 inverter(s) to 0 load pin(s).
Netlist sorting complete. Time (s): cpu = 00:00:00 ; elapsed = 00:00:00 . Memory (MB): peak = 792.406 ; gain = 0.000
INFO: [Project 1-111] Unisim Transformation Summary:
No Unisim elements were transformed.

INFO: [Common 17-83] Releasing license: Synthesis
20 Infos, 3 Warnings, 2 Critical Warnings and 0 Errors encountered.
synth_design completed successfully
synth_design: Time (s): cpu = 00:00:05 ; elapsed = 00:00:15 . Memory (MB): peak = 792.406 ; gain = 532.848
Netlist sorting complete. Time (s): cpu = 00:00:00 ; elapsed = 00:00:00 . Memory (MB): peak = 792.406 ; gain = 0.000
WARNING: [Constraints 18-5210] No constraints selected for write.
Resolution: This message can indicate that there are no constraints for the design, or it can indicate that the used_in flags are set such that the constraints are ignored. This later case is used when running synth_design to not write synthesis constraints to the resulting checkpoint. Instead, project constraints are read when the synthesized design is opened.
INFO: [Common 17-1381] The checkpoint 'C:/Users/26041/Desktop/Math Logic/Projects/project_4/project_4.runs/synth_1/top.dcp' has been generated.
INFO: [runtcl-4] Executing : report_utilization -file top_utilization_synth.rpt -pb top_utilization_synth.pb
INFO: [Common 17-206] Exiting Vivado at Thu Apr 17 23:57:35 2025...
