#-----------------------------------------------------------
# Vivado v2018.3 (64-bit)
# SW Build 2405991 on Thu Dec  6 23:38:27 MST 2018
# IP Build 2404404 on Fri Dec  7 01:43:56 MST 2018
# Start of session at: Mon Mar 31 08:35:23 2025
# Process ID: 41320
# Current directory: C:/Users/26041/Desktop/Math Logic/Projects/project_1
# Command line: vivado.exe -gui_launcher_event rodinguilauncherevent8396 C:\Users\26041\Desktop\Math Logic\Projects\project_1\project_1.xpr
# Log file: C:/Users/26041/Desktop/Math Logic/Projects/project_1/vivado.log
# Journal file: C:/Users/26041/Desktop/Math Logic/Projects/project_1\vivado.jou
#-----------------------------------------------------------
start_gui
open_project {C:/Users/26041/Desktop/Math Logic/Projects/project_1/project_1.xpr}
Scanning sources...
Finished scanning sources
INFO: [IP_Flow 19-234] Refreshing IP repositories
INFO: [IP_Flow 19-1704] No user IP repositories specified
INFO: [IP_Flow 19-2313] Loaded Vivado IP repository 'D:/Xilinx/Vivado/2018.3/data/ip'.
open_project: Time (s): cpu = 00:00:07 ; elapsed = 00:00:06 . Memory (MB): peak = 728.410 ; gain = 89.855
update_compile_order -fileset sources_1
set_property SOURCE_SET sources_1 [get_filesets sim_1]
add_files -fileset sim_1 -norecurse {{C:/Users/26041/Desktop/Math Logic/Projects/project_1/voter_tb.v}}
update_compile_order -fileset sim_1
update_compile_order -fileset sim_1
WARNING: [filemgmt 56-199] Attempt to get parsing info during refresh. "On-the-fly" syntax checking information may be incorrect. [C:/Users/26041/Desktop/Math Logic/Projects/project_1/voter.v:]
WARNING: [filemgmt 56-199] Attempt to get parsing info during refresh. "On-the-fly" syntax checking information may be incorrect. [C:/Users/26041/Desktop/Math Logic/Projects/project_1/voter_tb.v:]
ERROR: [Common 17-180] Spawn failed: No error
reset_run synth_1
launch_runs synth_1 -jobs 15
[Mon Mar 31 08:55:39 2025] Launched synth_1...
Run output will be captured here: C:/Users/26041/Desktop/Math Logic/Projects/project_1/project_1.runs/synth_1/runme.log
launch_runs impl_1 -jobs 15
[Mon Mar 31 08:56:31 2025] Launched impl_1...
Run output will be captured here: C:/Users/26041/Desktop/Math Logic/Projects/project_1/project_1.runs/impl_1/runme.log
launch_runs impl_1 -to_step write_bitstream -jobs 15
[Mon Mar 31 08:58:40 2025] Launched impl_1...
Run output will be captured here: C:/Users/26041/Desktop/Math Logic/Projects/project_1/project_1.runs/impl_1/runme.log
exit
INFO: [Common 17-206] Exiting Vivado at Mon Mar 31 20:55:31 2025...
