#-----------------------------------------------------------
# Vivado v2018.3 (64-bit)
# SW Build 2405991 on Thu Dec  6 23:38:27 MST 2018
# IP Build 2404404 on Fri Dec  7 01:43:56 MST 2018
# Start of session at: Sun Apr 13 14:32:19 2025
# Process ID: 30672
# Current directory: C:/Users/26041/Desktop/Math Logic/Projects/project_1
# Command line: vivado.exe -gui_launcher_event rodinguilauncherevent23640 C:\Users\26041\Desktop\Math Logic\Projects\project_1\project_1.xpr
# Log file: C:/Users/26041/Desktop/Math Logic/Projects/project_1/vivado.log
# Journal file: C:/Users/26041/Desktop/Math Logic/Projects/project_1\vivado.jou
#-----------------------------------------------------------
start_gui
open_project {C:/Users/26041/Desktop/Math Logic/Projects/project_1/project_1.xpr}
Scanning sources...
Finished scanning sources
INFO: [IP_Flow 19-234] Refreshing IP repositories
INFO: [IP_Flow 19-1704] No user IP repositories specified
INFO: [IP_Flow 19-2313] Loaded Vivado IP repository 'D:/Xilinx/Vivado/2018.3/data/ip'.
update_compile_order -fileset sources_1
exit
INFO: [Common 17-206] Exiting Vivado at Sun Apr 13 14:58:40 2025...
