#-----------------------------------------------------------
# Vivado v2018.3 (64-bit)
# SW Build 2405991 on Thu Dec  6 23:38:27 MST 2018
# IP Build 2404404 on Fri Dec  7 01:43:56 MST 2018
# Start of session at: Wed Mar 26 11:53:07 2025
# Process ID: 3504
# Current directory: C:/Users/26041/Desktop/Math Logic/Projects/project_1
# Command line: vivado.exe -gui_launcher_event rodinguilauncherevent10164 C:\Users\26041\Desktop\Math Logic\Projects\project_1\project_1.xpr
# Log file: C:/Users/26041/Desktop/Math Logic/Projects/project_1/vivado.log
# Journal file: C:/Users/26041/Desktop/Math Logic/Projects/project_1\vivado.jou
#-----------------------------------------------------------
start_gui
open_project {C:/Users/26041/Desktop/Math Logic/Projects/project_1/project_1.xpr}
Scanning sources...
Finished scanning sources
WARNING: [Project 1-509] GeneratedRun file for 'synth_1' not found
WARNING: [Project 1-509] GeneratedRun file for 'impl_1' not found
INFO: [IP_Flow 19-234] Refreshing IP repositories
INFO: [IP_Flow 19-1704] No user IP repositories specified
INFO: [IP_Flow 19-2313] Loaded Vivado IP repository 'D:/Xilinx/Vivado/2018.3/data/ip'.
update_compile_order -fileset sources_1
launch_runs impl_1 -to_step write_bitstream -jobs 15
[Wed Mar 26 11:53:36 2025] Launched synth_1...
Run output will be captured here: C:/Users/26041/Desktop/Math Logic/Projects/project_1/project_1.runs/synth_1/runme.log
[Wed Mar 26 11:53:36 2025] Launched impl_1...
Run output will be captured here: C:/Users/26041/Desktop/Math Logic/Projects/project_1/project_1.runs/impl_1/runme.log
export_ip_user_files -of_objects  [get_files {{C:/Users/26041/Desktop/Math Logic/Projects/project_1/remote0.xdc}}] -no_script -reset -force -quiet
remove_files  -fileset constrs_1 {{C:/Users/26041/Desktop/Math Logic/Projects/project_1/remote0.xdc}}
add_files -fileset constrs_1 -norecurse {{C:/Users/26041/Desktop/Math Logic/Projects/project_1/remote.xdc}}
reset_run synth_1
launch_runs impl_1 -to_step write_bitstream -jobs 15
[Wed Mar 26 11:55:42 2025] Launched synth_1...
Run output will be captured here: C:/Users/26041/Desktop/Math Logic/Projects/project_1/project_1.runs/synth_1/runme.log
[Wed Mar 26 11:55:42 2025] Launched impl_1...
Run output will be captured here: C:/Users/26041/Desktop/Math Logic/Projects/project_1/project_1.runs/impl_1/runme.log
open_hw
INFO: [Labtools 27-2285] Connecting to hw_server url TCP:219.216.64.115:4001
connect_hw_server -url 219.216.64.115:4001
INFO: [Labtools 27-2285] Connecting to hw_server url TCP:219.216.64.115:4001
current_hw_target [get_hw_targets */xilinx_tcf/Xilinx/10.2.254.35:2542]
set_property PARAM.FREQUENCY 10000000 [get_hw_targets */xilinx_tcf/Xilinx/10.2.254.35:2542]
open_hw_target
INFO: [Labtoolstcl 44-466] Opening hw_target 219.216.64.115:4001/xilinx_tcf/Xilinx/10.2.254.35:2542
set_property PROGRAM.FILE {C:/Users/26041/Desktop/Math Logic/Projects/project_1/project_1.runs/impl_1/voter.bit} [get_hw_devices xc7a200t_0]
current_hw_device [get_hw_devices xc7a200t_0]
refresh_hw_device -update_hw_probes false [lindex [get_hw_devices xc7a200t_0] 0]
INFO: [Labtools 27-1434] Device xc7a200t (JTAG device index = 0) is programmed with a design that has no supported debug core(s) in it.
set_property PROBES.FILE {} [get_hw_devices xc7a200t_0]
set_property FULL_PROBES.FILE {} [get_hw_devices xc7a200t_0]
set_property PROGRAM.FILE {C:/Users/26041/Desktop/Math Logic/Projects/project_1/project_1.runs/impl_1/voter.bit} [get_hw_devices xc7a200t_0]
program_hw_devices [get_hw_devices xc7a200t_0]
INFO: [Labtools 27-3164] End of startup status: HIGH
program_hw_devices: Time (s): cpu = 00:00:07 ; elapsed = 00:00:08 . Memory (MB): peak = 1814.668 ; gain = 0.000
refresh_hw_device [lindex [get_hw_devices xc7a200t_0] 0]
INFO: [Labtools 27-1434] Device xc7a200t (JTAG device index = 0) is programmed with a design that has no supported debug core(s) in it.
disconnect_hw_server 219.216.64.115:4001
exit
INFO: [Common 17-206] Exiting Vivado at Wed Mar 26 12:01:15 2025...
