# do {voter_plus_tb_compile.do}
# ** Warning: (vlib-34) Library already exists at "modelsim_lib/work".
# ** Warning: (vlib-34) Library already exists at "modelsim_lib/msim".
# ** Warning: (vlib-34) Library already exists at "modelsim_lib/msim/xil_defaultlib".
# Model Technology ModelSim DE-64 vmap 10.6c Lib Mapping Utility 2017.07 Jul 26 2017
# vmap xil_defaultlib modelsim_lib/msim/xil_defaultlib 
# Modifying modelsim.ini
# ** Warning: (vlog-159) Mode option -64 is not supported in this context and will be ignored.
# Model Technology ModelSim DE-64 vlog 10.6c Compiler 2017.07 Jul 26 2017
# Start time: 14:07:43 on Apr 13,2025
# vlog -64 -incr -work xil_defaultlib ../../../../project_2.srcs/sources_1/new/voter_plus.v ../../../../project_2.srcs/sim_1/new/voter_plus_tb.v 
# -- Skipping module voter_plus
# -- Skipping module voter_plus_tb
# 
# Top level modules:
# 	voter_plus_tb
# End time: 14:07:43 on Apr 13,2025, Elapsed time: 0:00:00
# Errors: 0, Warnings: 1
# Model Technology ModelSim DE-64 vlog 10.6c Compiler 2017.07 Jul 26 2017
# Start time: 14:07:43 on Apr 13,2025
# vlog -work xil_defaultlib glbl.v 
# -- Compiling module glbl
# 
# Top level modules:
# 	glbl
# End time: 14:07:43 on Apr 13,2025, Elapsed time: 0:00:00
# Errors: 0, Warnings: 0
