# do {voter_plus_tb_simulate.do}
# vsim -voptargs=""+acc"" -L xil_defaultlib -L unisims_ver -L unimacro_ver -L secureip -lib xil_defaultlib xil_defaultlib.voter_plus_tb xil_defaultlib.glbl 
# Start time: 14:07:50 on Apr 13,2025
# //  ModelSim DE-64 10.6c Jul 26 2017
# //
# //  Copyright 1991-2017 Mentor Graphics Corporation
# //  All Rights Reserved.
# //
# //  ModelSim DE-64 and its associated documentation contain trade
# //  secrets and commercial or financial information that are the property of
# //  Mentor Graphics Corporation and are privileged, confidential,
# //  and exempt from disclosure under the Freedom of Information Act,
# //  5 U.S.C. Section 552. Furthermore, this information
# //  is prohibited from disclosure under the Trade Secrets Act,
# //  18 U.S.C. Section 1905.
# //
# Loading xil_defaultlib.voter_plus_tb
# Loading xil_defaultlib.voter_plus
# Loading xil_defaultlib.glbl
# 1
# 1
# .main_pane.wave.interior.cs.body.pw.wf
# .main_pane.structure.interior.cs.body.struct
# .main_pane.objects.interior.cs.body.tree
# ** Note: $stop    : ../../../../project_2.srcs/sim_1/new/voter_plus_tb.v(35)
#    Time: 17 ns  Iteration: 0  Instance: /voter_plus_tb
# Break in Module voter_plus_tb at ../../../../project_2.srcs/sim_1/new/voter_plus_tb.v line 35
# End time: 14:09:08 on Apr 13,2025, Elapsed time: 0:01:18
# Errors: 0, Warnings: 0
